{"/home/ferraro/academicos/gostack-13/2020/aulas/06-gobarber-app/src/components/Button/index.tsx": {"path":"/home/ferraro/academicos/gostack-13/2020/aulas/06-gobarber-app/src/components/Button/index.tsx","statementMap":{"0":{"start":{"line":9,"column":37},"end":{"line":13,"column":1}},"1":{"start":{"line":10,"column":2},"end":{"line":12,"column":14}}},"fnMap":{"0":{"name":"(anonymous_0)","decl":{"start":{"line":9,"column":37},"end":{"line":9,"column":38}},"loc":{"start":{"line":10,"column":2},"end":{"line":12,"column":14}},"line":10}},"branchMap":{"0":{"loc":{"start":{"line":11,"column":5},"end":{"line":11,"column":42}},"type":"cond-expr","locations":[{"start":{"line":11,"column":15},"end":{"line":11,"column":31}},{"start":{"line":11,"column":34},"end":{"line":11,"column":42}}],"line":11}},"s":{"0":1,"1":0},"f":{"0":0},"b":{"0":[0,0]},"_coverageSchema":"43e27e138ebf9cfc5966b082cf9a028302ed4184","hash":"0d56123ba92fda3e035ac1b0de3a9d6843c82899"}
,"/home/ferraro/academicos/gostack-13/2020/aulas/06-gobarber-app/src/components/Input/index.tsx": {"path":"/home/ferraro/academicos/gostack-13/2020/aulas/06-gobarber-app/src/components/Input/index.tsx","statementMap":{"0":{"start":{"line":20,"column":36},"end":{"line":73,"column":1}},"1":{"start":{"line":26,"column":19},"end":{"line":26,"column":49}},"2":{"start":{"line":27,"column":36},"end":{"line":27,"column":51}},"3":{"start":{"line":28,"column":34},"end":{"line":28,"column":49}},"4":{"start":{"line":30,"column":60},"end":{"line":30,"column":74}},"5":{"start":{"line":32,"column":27},"end":{"line":34,"column":8}},"6":{"start":{"line":33,"column":4},"end":{"line":33,"column":23}},"7":{"start":{"line":36,"column":26},"end":{"line":40,"column":8}},"8":{"start":{"line":37,"column":4},"end":{"line":37,"column":24}},"9":{"start":{"line":39,"column":4},"end":{"line":39,"column":43}},"10":{"start":{"line":42,"column":2},"end":{"line":48,"column":33}},"11":{"start":{"line":43,"column":4},"end":{"line":47,"column":7}},"12":{"start":{"line":50,"column":2},"end":{"line":72,"column":4}}},"fnMap":{"0":{"name":"(anonymous_0)","decl":{"start":{"line":20,"column":36},"end":{"line":20,"column":37}},"loc":{"start":{"line":25,"column":6},"end":{"line":73,"column":1}},"line":25},"1":{"name":"(anonymous_1)","decl":{"start":{"line":32,"column":39},"end":{"line":32,"column":40}},"loc":{"start":{"line":32,"column":45},"end":{"line":34,"column":3}},"line":32},"2":{"name":"(anonymous_2)","decl":{"start":{"line":36,"column":38},"end":{"line":36,"column":39}},"loc":{"start":{"line":36,"column":44},"end":{"line":40,"column":3}},"line":36},"3":{"name":"(anonymous_3)","decl":{"start":{"line":42,"column":12},"end":{"line":42,"column":13}},"loc":{"start":{"line":42,"column":18},"end":{"line":48,"column":3}},"line":42}},"branchMap":{"0":{"loc":{"start":{"line":22,"column":2},"end":{"line":22,"column":21}},"type":"default-arg","locations":[{"start":{"line":22,"column":19},"end":{"line":22,"column":21}}],"line":22},"1":{"loc":{"start":{"line":57,"column":7},"end":{"line":57,"column":33}},"type":"binary-expr","locations":[{"start":{"line":57,"column":7},"end":{"line":57,"column":11}},{"start":{"line":57,"column":15},"end":{"line":57,"column":33}}],"line":57},"2":{"loc":{"start":{"line":66,"column":7},"end":{"line":70,"column":7}},"type":"binary-expr","locations":[{"start":{"line":66,"column":7},"end":{"line":66,"column":12}},{"start":{"line":67,"column":8},"end":{"line":69,"column":16}}],"line":66}},"s":{"0":1,"1":0,"2":0,"3":0,"4":0,"5":0,"6":0,"7":0,"8":0,"9":0,"10":0,"11":0,"12":0},"f":{"0":0,"1":0,"2":0,"3":0},"b":{"0":[0],"1":[0,0],"2":[0,0]},"_coverageSchema":"43e27e138ebf9cfc5966b082cf9a028302ed4184","hash":"bddeb8d7ffb0d1fe142ca3a50c4287348f635a18"}
,"/home/ferraro/academicos/gostack-13/2020/aulas/06-gobarber-app/src/components/ToastContainer/index.tsx": {"path":"/home/ferraro/academicos/gostack-13/2020/aulas/06-gobarber-app/src/components/ToastContainer/index.tsx","statementMap":{"0":{"start":{"line":13,"column":53},"end":{"line":30,"column":1}},"1":{"start":{"line":14,"column":34},"end":{"line":22,"column":3}},"2":{"start":{"line":16,"column":15},"end":{"line":16,"column":25}},"3":{"start":{"line":23,"column":2},"end":{"line":29,"column":4}},"4":{"start":{"line":26,"column":8},"end":{"line":26,"column":56}}},"fnMap":{"0":{"name":"(anonymous_0)","decl":{"start":{"line":13,"column":53},"end":{"line":13,"column":54}},"loc":{"start":{"line":13,"column":71},"end":{"line":30,"column":1}},"line":13},"1":{"name":"(anonymous_1)","decl":{"start":{"line":16,"column":4},"end":{"line":16,"column":5}},"loc":{"start":{"line":16,"column":15},"end":{"line":16,"column":25}},"line":16},"2":{"name":"(anonymous_2)","decl":{"start":{"line":25,"column":35},"end":{"line":25,"column":36}},"loc":{"start":{"line":26,"column":8},"end":{"line":26,"column":56}},"line":26}},"branchMap":{},"s":{"0":1,"1":0,"2":0,"3":0,"4":0},"f":{"0":0,"1":0,"2":0},"b":{},"_coverageSchema":"43e27e138ebf9cfc5966b082cf9a028302ed4184","hash":"582ed579c52e1d07acd17cb7a0d4203528cc0138"}
,"/home/ferraro/academicos/gostack-13/2020/aulas/06-gobarber-app/src/components/ToastContainer/Toast/index.tsx": {"path":"/home/ferraro/academicos/gostack-13/2020/aulas/06-gobarber-app/src/components/ToastContainer/Toast/index.tsx","statementMap":{"0":{"start":{"line":19,"column":14},"end":{"line":23,"column":1}},"1":{"start":{"line":25,"column":36},"end":{"line":56,"column":1}},"2":{"start":{"line":26,"column":26},"end":{"line":26,"column":36}},"3":{"start":{"line":28,"column":2},"end":{"line":36,"column":32}},"4":{"start":{"line":29,"column":18},"end":{"line":31,"column":12}},"5":{"start":{"line":30,"column":6},"end":{"line":30,"column":30}},"6":{"start":{"line":33,"column":4},"end":{"line":35,"column":6}},"7":{"start":{"line":34,"column":6},"end":{"line":34,"column":26}},"8":{"start":{"line":38,"column":2},"end":{"line":55,"column":4}},"9":{"start":{"line":51,"column":29},"end":{"line":51,"column":52}}},"fnMap":{"0":{"name":"(anonymous_0)","decl":{"start":{"line":25,"column":36},"end":{"line":25,"column":37}},"loc":{"start":{"line":25,"column":60},"end":{"line":56,"column":1}},"line":25},"1":{"name":"(anonymous_1)","decl":{"start":{"line":28,"column":12},"end":{"line":28,"column":13}},"loc":{"start":{"line":28,"column":18},"end":{"line":36,"column":3}},"line":28},"2":{"name":"(anonymous_2)","decl":{"start":{"line":29,"column":29},"end":{"line":29,"column":30}},"loc":{"start":{"line":29,"column":35},"end":{"line":31,"column":5}},"line":29},"3":{"name":"(anonymous_3)","decl":{"start":{"line":33,"column":11},"end":{"line":33,"column":12}},"loc":{"start":{"line":33,"column":17},"end":{"line":35,"column":5}},"line":33},"4":{"name":"(anonymous_4)","decl":{"start":{"line":51,"column":23},"end":{"line":51,"column":24}},"loc":{"start":{"line":51,"column":29},"end":{"line":51,"column":52}},"line":51}},"branchMap":{"0":{"loc":{"start":{"line":44,"column":13},"end":{"line":44,"column":35}},"type":"binary-expr","locations":[{"start":{"line":44,"column":13},"end":{"line":44,"column":25}},{"start":{"line":44,"column":29},"end":{"line":44,"column":35}}],"line":44},"1":{"loc":{"start":{"line":48,"column":9},"end":{"line":48,"column":60}},"type":"binary-expr","locations":[{"start":{"line":48,"column":9},"end":{"line":48,"column":28}},{"start":{"line":48,"column":32},"end":{"line":48,"column":60}}],"line":48}},"s":{"0":1,"1":1,"2":0,"3":0,"4":0,"5":0,"6":0,"7":0,"8":0,"9":0},"f":{"0":0,"1":0,"2":0,"3":0,"4":0},"b":{"0":[0,0],"1":[0,0]},"_coverageSchema":"43e27e138ebf9cfc5966b082cf9a028302ed4184","hash":"29e2680f93497893e636569f47463859c130e248"}
,"/home/ferraro/academicos/gostack-13/2020/aulas/06-gobarber-app/src/components/Tooltip/index.tsx": {"path":"/home/ferraro/academicos/gostack-13/2020/aulas/06-gobarber-app/src/components/Tooltip/index.tsx","statementMap":{"0":{"start":{"line":10,"column":40},"end":{"line":17,"column":1}},"1":{"start":{"line":11,"column":2},"end":{"line":16,"column":4}}},"fnMap":{"0":{"name":"(anonymous_0)","decl":{"start":{"line":10,"column":40},"end":{"line":10,"column":41}},"loc":{"start":{"line":10,"column":76},"end":{"line":17,"column":1}},"line":10}},"branchMap":{},"s":{"0":1,"1":0},"f":{"0":0},"b":{},"_coverageSchema":"43e27e138ebf9cfc5966b082cf9a028302ed4184","hash":"826bc07d8935f2f4c70a90b7fa5749a290d75673"}
,"/home/ferraro/academicos/gostack-13/2020/aulas/06-gobarber-app/src/hooks/auth.tsx": {"path":"/home/ferraro/academicos/gostack-13/2020/aulas/06-gobarber-app/src/hooks/auth.tsx","statementMap":{"0":{"start":{"line":28,"column":20},"end":{"line":28,"column":73}},"1":{"start":{"line":30,"column":31},"end":{"line":86,"column":1}},"2":{"start":{"line":31,"column":26},"end":{"line":42,"column":4}},"3":{"start":{"line":32,"column":18},"end":{"line":32,"column":57}},"4":{"start":{"line":33,"column":17},"end":{"line":33,"column":55}},"5":{"start":{"line":35,"column":4},"end":{"line":39,"column":5}},"6":{"start":{"line":36,"column":6},"end":{"line":36,"column":61}},"7":{"start":{"line":38,"column":6},"end":{"line":38,"column":47}},"8":{"start":{"line":41,"column":4},"end":{"line":41,"column":27}},"9":{"start":{"line":44,"column":17},"end":{"line":58,"column":8}},"10":{"start":{"line":45,"column":21},"end":{"line":48,"column":6}},"11":{"start":{"line":50,"column":28},"end":{"line":50,"column":41}},"12":{"start":{"line":52,"column":4},"end":{"line":52,"column":51}},"13":{"start":{"line":53,"column":4},"end":{"line":53,"column":65}},"14":{"start":{"line":55,"column":4},"end":{"line":55,"column":59}},"15":{"start":{"line":57,"column":4},"end":{"line":57,"column":29}},"16":{"start":{"line":60,"column":18},"end":{"line":65,"column":8}},"17":{"start":{"line":61,"column":4},"end":{"line":61,"column":47}},"18":{"start":{"line":62,"column":4},"end":{"line":62,"column":46}},"19":{"start":{"line":64,"column":4},"end":{"line":64,"column":29}},"20":{"start":{"line":67,"column":21},"end":{"line":77,"column":3}},"21":{"start":{"line":69,"column":6},"end":{"line":69,"column":67}},"22":{"start":{"line":71,"column":6},"end":{"line":74,"column":9}},"23":{"start":{"line":79,"column":2},"end":{"line":85,"column":4}},"24":{"start":{"line":89,"column":18},"end":{"line":89,"column":41}},"25":{"start":{"line":91,"column":2},"end":{"line":93,"column":3}},"26":{"start":{"line":92,"column":4},"end":{"line":92,"column":66}},"27":{"start":{"line":95,"column":2},"end":{"line":95,"column":17}}},"fnMap":{"0":{"name":"(anonymous_0)","decl":{"start":{"line":30,"column":31},"end":{"line":30,"column":32}},"loc":{"start":{"line":30,"column":49},"end":{"line":86,"column":1}},"line":30},"1":{"name":"(anonymous_1)","decl":{"start":{"line":31,"column":46},"end":{"line":31,"column":47}},"loc":{"start":{"line":31,"column":52},"end":{"line":42,"column":3}},"line":31},"2":{"name":"(anonymous_2)","decl":{"start":{"line":44,"column":29},"end":{"line":44,"column":30}},"loc":{"start":{"line":44,"column":60},"end":{"line":58,"column":3}},"line":44},"3":{"name":"(anonymous_3)","decl":{"start":{"line":60,"column":30},"end":{"line":60,"column":31}},"loc":{"start":{"line":60,"column":36},"end":{"line":65,"column":3}},"line":60},"4":{"name":"(anonymous_4)","decl":{"start":{"line":68,"column":4},"end":{"line":68,"column":5}},"loc":{"start":{"line":68,"column":20},"end":{"line":75,"column":5}},"line":68},"5":{"name":"useAuth","decl":{"start":{"line":88,"column":9},"end":{"line":88,"column":16}},"loc":{"start":{"line":88,"column":36},"end":{"line":96,"column":1}},"line":88}},"branchMap":{"0":{"loc":{"start":{"line":35,"column":4},"end":{"line":39,"column":5}},"type":"if","locations":[{"start":{"line":35,"column":4},"end":{"line":39,"column":5}},{"start":{"line":35,"column":4},"end":{"line":39,"column":5}}],"line":35},"1":{"loc":{"start":{"line":35,"column":8},"end":{"line":35,"column":21}},"type":"binary-expr","locations":[{"start":{"line":35,"column":8},"end":{"line":35,"column":13}},{"start":{"line":35,"column":17},"end":{"line":35,"column":21}}],"line":35},"2":{"loc":{"start":{"line":91,"column":2},"end":{"line":93,"column":3}},"type":"if","locations":[{"start":{"line":91,"column":2},"end":{"line":93,"column":3}},{"start":{"line":91,"column":2},"end":{"line":93,"column":3}}],"line":91}},"s":{"0":1,"1":1,"2":0,"3":0,"4":0,"5":0,"6":0,"7":0,"8":0,"9":0,"10":0,"11":0,"12":0,"13":0,"14":0,"15":0,"16":0,"17":0,"18":0,"19":0,"20":0,"21":0,"22":0,"23":0,"24":2,"25":2,"26":0,"27":2},"f":{"0":0,"1":0,"2":0,"3":0,"4":0,"5":2},"b":{"0":[0,0],"1":[0,0],"2":[0,2]},"_coverageSchema":"43e27e138ebf9cfc5966b082cf9a028302ed4184","hash":"925a72ff668f51983e4098d6d8278353c2bc519f"}
,"/home/ferraro/academicos/gostack-13/2020/aulas/06-gobarber-app/src/hooks/toast.tsx": {"path":"/home/ferraro/academicos/gostack-13/2020/aulas/06-gobarber-app/src/hooks/toast.tsx","statementMap":{"0":{"start":{"line":18,"column":21},"end":{"line":18,"column":76}},"1":{"start":{"line":20,"column":32},"end":{"line":48,"column":1}},"2":{"start":{"line":21,"column":34},"end":{"line":21,"column":62}},"3":{"start":{"line":23,"column":19},"end":{"line":37,"column":3}},"4":{"start":{"line":25,"column":17},"end":{"line":25,"column":23}},"5":{"start":{"line":27,"column":20},"end":{"line":32,"column":7}},"6":{"start":{"line":34,"column":6},"end":{"line":34,"column":46}},"7":{"start":{"line":34,"column":27},"end":{"line":34,"column":44}},"8":{"start":{"line":38,"column":22},"end":{"line":40,"column":8}},"9":{"start":{"line":39,"column":4},"end":{"line":39,"column":69}},"10":{"start":{"line":39,"column":25},"end":{"line":39,"column":67}},"11":{"start":{"line":39,"column":49},"end":{"line":39,"column":66}},"12":{"start":{"line":42,"column":2},"end":{"line":47,"column":4}},"13":{"start":{"line":51,"column":18},"end":{"line":51,"column":42}},"14":{"start":{"line":53,"column":2},"end":{"line":55,"column":3}},"15":{"start":{"line":54,"column":4},"end":{"line":54,"column":68}},"16":{"start":{"line":57,"column":2},"end":{"line":57,"column":17}}},"fnMap":{"0":{"name":"(anonymous_0)","decl":{"start":{"line":20,"column":32},"end":{"line":20,"column":33}},"loc":{"start":{"line":20,"column":50},"end":{"line":48,"column":1}},"line":20},"1":{"name":"(anonymous_1)","decl":{"start":{"line":24,"column":4},"end":{"line":24,"column":5}},"loc":{"start":{"line":24,"column":64},"end":{"line":35,"column":5}},"line":24},"2":{"name":"(anonymous_2)","decl":{"start":{"line":34,"column":18},"end":{"line":34,"column":19}},"loc":{"start":{"line":34,"column":27},"end":{"line":34,"column":44}},"line":34},"3":{"name":"(anonymous_3)","decl":{"start":{"line":38,"column":34},"end":{"line":38,"column":35}},"loc":{"start":{"line":38,"column":50},"end":{"line":40,"column":3}},"line":38},"4":{"name":"(anonymous_4)","decl":{"start":{"line":39,"column":16},"end":{"line":39,"column":17}},"loc":{"start":{"line":39,"column":25},"end":{"line":39,"column":67}},"line":39},"5":{"name":"(anonymous_5)","decl":{"start":{"line":39,"column":38},"end":{"line":39,"column":39}},"loc":{"start":{"line":39,"column":49},"end":{"line":39,"column":66}},"line":39},"6":{"name":"useToast","decl":{"start":{"line":50,"column":9},"end":{"line":50,"column":17}},"loc":{"start":{"line":50,"column":38},"end":{"line":58,"column":1}},"line":50}},"branchMap":{"0":{"loc":{"start":{"line":53,"column":2},"end":{"line":55,"column":3}},"type":"if","locations":[{"start":{"line":53,"column":2},"end":{"line":55,"column":3}},{"start":{"line":53,"column":2},"end":{"line":55,"column":3}}],"line":53}},"s":{"0":1,"1":1,"2":0,"3":0,"4":0,"5":0,"6":0,"7":0,"8":0,"9":0,"10":0,"11":0,"12":0,"13":2,"14":2,"15":0,"16":2},"f":{"0":0,"1":0,"2":0,"3":0,"4":0,"5":0,"6":2},"b":{"0":[0,2]},"_coverageSchema":"43e27e138ebf9cfc5966b082cf9a028302ed4184","hash":"b188d9c61a0eff99b265902e97daef7558d6effd"}
,"/home/ferraro/academicos/gostack-13/2020/aulas/06-gobarber-app/src/pages/Dashboard/index.tsx": {"path":"/home/ferraro/academicos/gostack-13/2020/aulas/06-gobarber-app/src/pages/Dashboard/index.tsx","statementMap":{"0":{"start":{"line":41,"column":28},"end":{"line":268,"column":1}},"1":{"start":{"line":42,"column":28},"end":{"line":42,"column":37}},"2":{"start":{"line":43,"column":42},"end":{"line":43,"column":62}},"3":{"start":{"line":44,"column":42},"end":{"line":44,"column":62}},"4":{"start":{"line":46,"column":52},"end":{"line":48,"column":7}},"5":{"start":{"line":50,"column":42},"end":{"line":50,"column":69}},"6":{"start":{"line":52,"column":27},"end":{"line":56,"column":8}},"7":{"start":{"line":53,"column":4},"end":{"line":55,"column":5}},"8":{"start":{"line":54,"column":6},"end":{"line":54,"column":27}},"9":{"start":{"line":58,"column":28},"end":{"line":60,"column":8}},"10":{"start":{"line":59,"column":4},"end":{"line":59,"column":27}},"11":{"start":{"line":62,"column":2},"end":{"line":73,"column":30}},"12":{"start":{"line":63,"column":4},"end":{"line":72,"column":9}},"13":{"start":{"line":71,"column":8},"end":{"line":71,"column":44}},"14":{"start":{"line":75,"column":2},"end":{"line":94,"column":21}},"15":{"start":{"line":76,"column":4},"end":{"line":93,"column":9}},"16":{"start":{"line":85,"column":38},"end":{"line":90,"column":10}},"17":{"start":{"line":86,"column":10},"end":{"line":89,"column":12}},"18":{"start":{"line":92,"column":8},"end":{"line":92,"column":47}},"19":{"start":{"line":96,"column":23},"end":{"line":107,"column":39}},"20":{"start":{"line":97,"column":18},"end":{"line":104,"column":8}},"21":{"start":{"line":98,"column":26},"end":{"line":98,"column":54}},"22":{"start":{"line":100,"column":21},"end":{"line":100,"column":47}},"23":{"start":{"line":101,"column":22},"end":{"line":101,"column":45}},"24":{"start":{"line":103,"column":8},"end":{"line":103,"column":51}},"25":{"start":{"line":106,"column":4},"end":{"line":106,"column":17}},"26":{"start":{"line":109,"column":29},"end":{"line":113,"column":20}},"27":{"start":{"line":110,"column":4},"end":{"line":112,"column":7}},"28":{"start":{"line":115,"column":26},"end":{"line":117,"column":20}},"29":{"start":{"line":116,"column":4},"end":{"line":116,"column":58}},"30":{"start":{"line":119,"column":30},"end":{"line":123,"column":20}},"31":{"start":{"line":120,"column":4},"end":{"line":122,"column":7}},"32":{"start":{"line":121,"column":6},"end":{"line":121,"column":56}},"33":{"start":{"line":125,"column":32},"end":{"line":129,"column":20}},"34":{"start":{"line":126,"column":4},"end":{"line":128,"column":7}},"35":{"start":{"line":127,"column":6},"end":{"line":127,"column":57}},"36":{"start":{"line":131,"column":26},"end":{"line":135,"column":20}},"37":{"start":{"line":132,"column":4},"end":{"line":134,"column":6}},"38":{"start":{"line":133,"column":6},"end":{"line":133,"column":53}},"39":{"start":{"line":137,"column":2},"end":{"line":267,"column":4}},"40":{"start":{"line":194,"column":14},"end":{"line":208,"column":28}},"41":{"start":{"line":220,"column":14},"end":{"line":234,"column":28}}},"fnMap":{"0":{"name":"(anonymous_0)","decl":{"start":{"line":41,"column":28},"end":{"line":41,"column":29}},"loc":{"start":{"line":41,"column":34},"end":{"line":268,"column":1}},"line":41},"1":{"name":"(anonymous_1)","decl":{"start":{"line":52,"column":39},"end":{"line":52,"column":40}},"loc":{"start":{"line":52,"column":79},"end":{"line":56,"column":3}},"line":52},"2":{"name":"(anonymous_2)","decl":{"start":{"line":58,"column":40},"end":{"line":58,"column":41}},"loc":{"start":{"line":58,"column":57},"end":{"line":60,"column":3}},"line":58},"3":{"name":"(anonymous_3)","decl":{"start":{"line":62,"column":12},"end":{"line":62,"column":13}},"loc":{"start":{"line":62,"column":18},"end":{"line":73,"column":3}},"line":62},"4":{"name":"(anonymous_4)","decl":{"start":{"line":70,"column":12},"end":{"line":70,"column":13}},"loc":{"start":{"line":70,"column":24},"end":{"line":72,"column":7}},"line":70},"5":{"name":"(anonymous_5)","decl":{"start":{"line":75,"column":12},"end":{"line":75,"column":13}},"loc":{"start":{"line":75,"column":18},"end":{"line":94,"column":3}},"line":75},"6":{"name":"(anonymous_6)","decl":{"start":{"line":84,"column":12},"end":{"line":84,"column":13}},"loc":{"start":{"line":84,"column":24},"end":{"line":93,"column":7}},"line":84},"7":{"name":"(anonymous_7)","decl":{"start":{"line":85,"column":56},"end":{"line":85,"column":57}},"loc":{"start":{"line":85,"column":71},"end":{"line":90,"column":9}},"line":85},"8":{"name":"(anonymous_8)","decl":{"start":{"line":96,"column":31},"end":{"line":96,"column":32}},"loc":{"start":{"line":96,"column":37},"end":{"line":107,"column":3}},"line":96},"9":{"name":"(anonymous_9)","decl":{"start":{"line":98,"column":14},"end":{"line":98,"column":15}},"loc":{"start":{"line":98,"column":26},"end":{"line":98,"column":54}},"line":98},"10":{"name":"(anonymous_10)","decl":{"start":{"line":99,"column":11},"end":{"line":99,"column":12}},"loc":{"start":{"line":99,"column":23},"end":{"line":104,"column":7}},"line":99},"11":{"name":"(anonymous_11)","decl":{"start":{"line":109,"column":37},"end":{"line":109,"column":38}},"loc":{"start":{"line":109,"column":43},"end":{"line":113,"column":3}},"line":109},"12":{"name":"(anonymous_12)","decl":{"start":{"line":115,"column":34},"end":{"line":115,"column":35}},"loc":{"start":{"line":115,"column":40},"end":{"line":117,"column":3}},"line":115},"13":{"name":"(anonymous_13)","decl":{"start":{"line":119,"column":38},"end":{"line":119,"column":39}},"loc":{"start":{"line":119,"column":44},"end":{"line":123,"column":3}},"line":119},"14":{"name":"(anonymous_14)","decl":{"start":{"line":120,"column":31},"end":{"line":120,"column":32}},"loc":{"start":{"line":120,"column":46},"end":{"line":122,"column":5}},"line":120},"15":{"name":"(anonymous_15)","decl":{"start":{"line":125,"column":40},"end":{"line":125,"column":41}},"loc":{"start":{"line":125,"column":46},"end":{"line":129,"column":3}},"line":125},"16":{"name":"(anonymous_16)","decl":{"start":{"line":126,"column":31},"end":{"line":126,"column":32}},"loc":{"start":{"line":126,"column":46},"end":{"line":128,"column":5}},"line":126},"17":{"name":"(anonymous_17)","decl":{"start":{"line":131,"column":34},"end":{"line":131,"column":35}},"loc":{"start":{"line":131,"column":40},"end":{"line":135,"column":3}},"line":131},"18":{"name":"(anonymous_18)","decl":{"start":{"line":132,"column":29},"end":{"line":132,"column":30}},"loc":{"start":{"line":133,"column":6},"end":{"line":133,"column":53}},"line":133},"19":{"name":"(anonymous_19)","decl":{"start":{"line":193,"column":37},"end":{"line":193,"column":38}},"loc":{"start":{"line":194,"column":14},"end":{"line":208,"column":28}},"line":194},"20":{"name":"(anonymous_20)","decl":{"start":{"line":219,"column":39},"end":{"line":219,"column":40}},"loc":{"start":{"line":220,"column":14},"end":{"line":234,"column":28}},"line":220}},"branchMap":{"0":{"loc":{"start":{"line":53,"column":4},"end":{"line":55,"column":5}},"type":"if","locations":[{"start":{"line":53,"column":4},"end":{"line":55,"column":5}},{"start":{"line":53,"column":4},"end":{"line":55,"column":5}}],"line":53},"1":{"loc":{"start":{"line":163,"column":13},"end":{"line":163,"column":55}},"type":"binary-expr","locations":[{"start":{"line":163,"column":13},"end":{"line":163,"column":34}},{"start":{"line":163,"column":38},"end":{"line":163,"column":55}}],"line":163},"2":{"loc":{"start":{"line":168,"column":11},"end":{"line":184,"column":11}},"type":"binary-expr","locations":[{"start":{"line":168,"column":11},"end":{"line":168,"column":32}},{"start":{"line":168,"column":36},"end":{"line":168,"column":51}},{"start":{"line":169,"column":12},"end":{"line":183,"column":30}}],"line":168},"3":{"loc":{"start":{"line":189,"column":13},"end":{"line":191,"column":13}},"type":"binary-expr","locations":[{"start":{"line":189,"column":13},"end":{"line":189,"column":45}},{"start":{"line":190,"column":14},"end":{"line":190,"column":54}}],"line":189},"4":{"loc":{"start":{"line":215,"column":13},"end":{"line":217,"column":13}},"type":"binary-expr","locations":[{"start":{"line":215,"column":13},"end":{"line":215,"column":47}},{"start":{"line":216,"column":14},"end":{"line":216,"column":54}}],"line":215}},"s":{"0":0,"1":0,"2":0,"3":0,"4":0,"5":0,"6":0,"7":0,"8":0,"9":0,"10":0,"11":0,"12":0,"13":0,"14":0,"15":0,"16":0,"17":0,"18":0,"19":0,"20":0,"21":0,"22":0,"23":0,"24":0,"25":0,"26":0,"27":0,"28":0,"29":0,"30":0,"31":0,"32":0,"33":0,"34":0,"35":0,"36":0,"37":0,"38":0,"39":0,"40":0,"41":0},"f":{"0":0,"1":0,"2":0,"3":0,"4":0,"5":0,"6":0,"7":0,"8":0,"9":0,"10":0,"11":0,"12":0,"13":0,"14":0,"15":0,"16":0,"17":0,"18":0,"19":0,"20":0},"b":{"0":[0,0],"1":[0,0],"2":[0,0,0],"3":[0,0],"4":[0,0]},"hash":"e65b646a9b29d710476c32ce8f492aaff6b8ad38"}
,"/home/ferraro/academicos/gostack-13/2020/aulas/06-gobarber-app/src/pages/ForgotPassword/index.tsx": {"path":"/home/ferraro/academicos/gostack-13/2020/aulas/06-gobarber-app/src/pages/ForgotPassword/index.tsx","statementMap":{"0":{"start":{"line":24,"column":33},"end":{"line":106,"column":1}},"1":{"start":{"line":25,"column":32},"end":{"line":25,"column":47}},"2":{"start":{"line":26,"column":18},"end":{"line":26,"column":43}},"3":{"start":{"line":28,"column":23},"end":{"line":28,"column":33}},"4":{"start":{"line":30,"column":23},"end":{"line":80,"column":3}},"5":{"start":{"line":32,"column":6},"end":{"line":77,"column":7}},"6":{"start":{"line":33,"column":8},"end":{"line":33,"column":25}},"7":{"start":{"line":35,"column":8},"end":{"line":35,"column":39}},"8":{"start":{"line":36,"column":23},"end":{"line":40,"column":10}},"9":{"start":{"line":42,"column":8},"end":{"line":44,"column":11}},"10":{"start":{"line":48,"column":8},"end":{"line":50,"column":11}},"11":{"start":{"line":52,"column":8},"end":{"line":57,"column":11}},"12":{"start":{"line":61,"column":8},"end":{"line":67,"column":9}},"13":{"start":{"line":62,"column":25},"end":{"line":62,"column":49}},"14":{"start":{"line":64,"column":10},"end":{"line":64,"column":45}},"15":{"start":{"line":66,"column":10},"end":{"line":66,"column":17}},"16":{"start":{"line":69,"column":8},"end":{"line":74,"column":11}},"17":{"start":{"line":76,"column":8},"end":{"line":76,"column":26}},"18":{"start":{"line":82,"column":2},"end":{"line":105,"column":4}}},"fnMap":{"0":{"name":"(anonymous_0)","decl":{"start":{"line":24,"column":33},"end":{"line":24,"column":34}},"loc":{"start":{"line":24,"column":39},"end":{"line":106,"column":1}},"line":24},"1":{"name":"(anonymous_1)","decl":{"start":{"line":31,"column":4},"end":{"line":31,"column":5}},"loc":{"start":{"line":31,"column":44},"end":{"line":78,"column":5}},"line":31}},"branchMap":{"0":{"loc":{"start":{"line":61,"column":8},"end":{"line":67,"column":9}},"type":"if","locations":[{"start":{"line":61,"column":8},"end":{"line":67,"column":9}},{"start":{"line":61,"column":8},"end":{"line":67,"column":9}}],"line":61}},"s":{"0":0,"1":0,"2":0,"3":0,"4":0,"5":0,"6":0,"7":0,"8":0,"9":0,"10":0,"11":0,"12":0,"13":0,"14":0,"15":0,"16":0,"17":0,"18":0},"f":{"0":0,"1":0},"b":{"0":[0,0]},"hash":"7921a02b60735da00a14898c9d36956a20709c46"}
,"/home/ferraro/academicos/gostack-13/2020/aulas/06-gobarber-app/src/pages/Profile/index.tsx": {"path":"/home/ferraro/academicos/gostack-13/2020/aulas/06-gobarber-app/src/pages/Profile/index.tsx","statementMap":{"0":{"start":{"line":28,"column":26},"end":{"line":193,"column":1}},"1":{"start":{"line":29,"column":18},"end":{"line":29,"column":43}},"2":{"start":{"line":30,"column":23},"end":{"line":30,"column":33}},"3":{"start":{"line":31,"column":18},"end":{"line":31,"column":30}},"4":{"start":{"line":33,"column":31},"end":{"line":33,"column":40}},"5":{"start":{"line":35,"column":23},"end":{"line":113,"column":3}},"6":{"start":{"line":37,"column":6},"end":{"line":110,"column":7}},"7":{"start":{"line":38,"column":8},"end":{"line":38,"column":39}},"8":{"start":{"line":39,"column":23},"end":{"line":57,"column":10}},"9":{"start":{"line":46,"column":23},"end":{"line":46,"column":35}},"10":{"start":{"line":52,"column":25},"end":{"line":52,"column":37}},"11":{"start":{"line":59,"column":8},"end":{"line":61,"column":11}},"12":{"start":{"line":69,"column":12},"end":{"line":69,"column":16}},"13":{"start":{"line":71,"column":25},"end":{"line":81,"column":9}},"14":{"start":{"line":83,"column":25},"end":{"line":83,"column":60}},"15":{"start":{"line":85,"column":8},"end":{"line":85,"column":34}},"16":{"start":{"line":87,"column":8},"end":{"line":87,"column":35}},"17":{"start":{"line":89,"column":8},"end":{"line":94,"column":11}},"18":{"start":{"line":96,"column":8},"end":{"line":102,"column":9}},"19":{"start":{"line":97,"column":25},"end":{"line":97,"column":49}},"20":{"start":{"line":99,"column":10},"end":{"line":99,"column":45}},"21":{"start":{"line":101,"column":10},"end":{"line":101,"column":17}},"22":{"start":{"line":104,"column":8},"end":{"line":109,"column":11}},"23":{"start":{"line":115,"column":29},"end":{"line":133,"column":3}},"24":{"start":{"line":117,"column":6},"end":{"line":130,"column":7}},"25":{"start":{"line":118,"column":21},"end":{"line":118,"column":35}},"26":{"start":{"line":120,"column":8},"end":{"line":120,"column":49}},"27":{"start":{"line":122,"column":8},"end":{"line":129,"column":11}},"28":{"start":{"line":123,"column":10},"end":{"line":123,"column":36}},"29":{"start":{"line":125,"column":10},"end":{"line":128,"column":13}},"30":{"start":{"line":135,"column":2},"end":{"line":192,"column":4}}},"fnMap":{"0":{"name":"(anonymous_0)","decl":{"start":{"line":28,"column":26},"end":{"line":28,"column":27}},"loc":{"start":{"line":28,"column":32},"end":{"line":193,"column":1}},"line":28},"1":{"name":"(anonymous_1)","decl":{"start":{"line":36,"column":4},"end":{"line":36,"column":5}},"loc":{"start":{"line":36,"column":37},"end":{"line":111,"column":5}},"line":36},"2":{"name":"(anonymous_2)","decl":{"start":{"line":46,"column":16},"end":{"line":46,"column":17}},"loc":{"start":{"line":46,"column":23},"end":{"line":46,"column":35}},"line":46},"3":{"name":"(anonymous_3)","decl":{"start":{"line":52,"column":18},"end":{"line":52,"column":19}},"loc":{"start":{"line":52,"column":25},"end":{"line":52,"column":37}},"line":52},"4":{"name":"(anonymous_4)","decl":{"start":{"line":116,"column":4},"end":{"line":116,"column":5}},"loc":{"start":{"line":116,"column":42},"end":{"line":131,"column":5}},"line":116},"5":{"name":"(anonymous_5)","decl":{"start":{"line":122,"column":46},"end":{"line":122,"column":47}},"loc":{"start":{"line":122,"column":58},"end":{"line":129,"column":9}},"line":122}},"branchMap":{"0":{"loc":{"start":{"line":74,"column":14},"end":{"line":80,"column":16}},"type":"cond-expr","locations":[{"start":{"line":75,"column":14},"end":{"line":79,"column":15}},{"start":{"line":80,"column":14},"end":{"line":80,"column":16}}],"line":74},"1":{"loc":{"start":{"line":96,"column":8},"end":{"line":102,"column":9}},"type":"if","locations":[{"start":{"line":96,"column":8},"end":{"line":102,"column":9}},{"start":{"line":96,"column":8},"end":{"line":102,"column":9}}],"line":96},"2":{"loc":{"start":{"line":117,"column":6},"end":{"line":130,"column":7}},"type":"if","locations":[{"start":{"line":117,"column":6},"end":{"line":130,"column":7}},{"start":{"line":117,"column":6},"end":{"line":130,"column":7}}],"line":117}},"s":{"0":0,"1":0,"2":0,"3":0,"4":0,"5":0,"6":0,"7":0,"8":0,"9":0,"10":0,"11":0,"12":0,"13":0,"14":0,"15":0,"16":0,"17":0,"18":0,"19":0,"20":0,"21":0,"22":0,"23":0,"24":0,"25":0,"26":0,"27":0,"28":0,"29":0,"30":0},"f":{"0":0,"1":0,"2":0,"3":0,"4":0,"5":0},"b":{"0":[0,0],"1":[0,0],"2":[0,0]},"hash":"df6c9ec5ec80f4b0ebce513f027bda880e142ae5"}
,"/home/ferraro/academicos/gostack-13/2020/aulas/06-gobarber-app/src/pages/ResetPassword/index.tsx": {"path":"/home/ferraro/academicos/gostack-13/2020/aulas/06-gobarber-app/src/pages/ResetPassword/index.tsx","statementMap":{"0":{"start":{"line":25,"column":32},"end":{"line":112,"column":1}},"1":{"start":{"line":26,"column":18},"end":{"line":26,"column":43}},"2":{"start":{"line":28,"column":23},"end":{"line":28,"column":33}},"3":{"start":{"line":30,"column":18},"end":{"line":30,"column":30}},"4":{"start":{"line":31,"column":19},"end":{"line":31,"column":32}},"5":{"start":{"line":33,"column":23},"end":{"line":80,"column":3}},"6":{"start":{"line":35,"column":6},"end":{"line":77,"column":7}},"7":{"start":{"line":36,"column":8},"end":{"line":36,"column":39}},"8":{"start":{"line":37,"column":23},"end":{"line":43,"column":10}},"9":{"start":{"line":45,"column":8},"end":{"line":47,"column":11}},"10":{"start":{"line":49,"column":52},"end":{"line":49,"column":56}},"11":{"start":{"line":50,"column":22},"end":{"line":50,"column":60}},"12":{"start":{"line":52,"column":8},"end":{"line":54,"column":9}},"13":{"start":{"line":53,"column":10},"end":{"line":53,"column":28}},"14":{"start":{"line":56,"column":8},"end":{"line":60,"column":11}},"15":{"start":{"line":62,"column":8},"end":{"line":62,"column":26}},"16":{"start":{"line":64,"column":8},"end":{"line":70,"column":9}},"17":{"start":{"line":65,"column":25},"end":{"line":65,"column":49}},"18":{"start":{"line":67,"column":10},"end":{"line":67,"column":45}},"19":{"start":{"line":69,"column":10},"end":{"line":69,"column":17}},"20":{"start":{"line":72,"column":8},"end":{"line":76,"column":11}},"21":{"start":{"line":82,"column":2},"end":{"line":111,"column":4}}},"fnMap":{"0":{"name":"(anonymous_0)","decl":{"start":{"line":25,"column":32},"end":{"line":25,"column":33}},"loc":{"start":{"line":25,"column":38},"end":{"line":112,"column":1}},"line":25},"1":{"name":"(anonymous_1)","decl":{"start":{"line":34,"column":4},"end":{"line":34,"column":5}},"loc":{"start":{"line":34,"column":43},"end":{"line":78,"column":5}},"line":34}},"branchMap":{"0":{"loc":{"start":{"line":52,"column":8},"end":{"line":54,"column":9}},"type":"if","locations":[{"start":{"line":52,"column":8},"end":{"line":54,"column":9}},{"start":{"line":52,"column":8},"end":{"line":54,"column":9}}],"line":52},"1":{"loc":{"start":{"line":64,"column":8},"end":{"line":70,"column":9}},"type":"if","locations":[{"start":{"line":64,"column":8},"end":{"line":70,"column":9}},{"start":{"line":64,"column":8},"end":{"line":70,"column":9}}],"line":64}},"s":{"0":0,"1":0,"2":0,"3":0,"4":0,"5":0,"6":0,"7":0,"8":0,"9":0,"10":0,"11":0,"12":0,"13":0,"14":0,"15":0,"16":0,"17":0,"18":0,"19":0,"20":0,"21":0},"f":{"0":0,"1":0},"b":{"0":[0,0],"1":[0,0]},"hash":"8c84703d90bf657e8b734f06a048a390592cb6c1"}
,"/home/ferraro/academicos/gostack-13/2020/aulas/06-gobarber-app/src/pages/SignIn/index.tsx": {"path":"/home/ferraro/academicos/gostack-13/2020/aulas/06-gobarber-app/src/pages/SignIn/index.tsx","statementMap":{"0":{"start":{"line":25,"column":25},"end":{"line":104,"column":1}},"1":{"start":{"line":26,"column":18},"end":{"line":26,"column":43}},"2":{"start":{"line":28,"column":21},"end":{"line":28,"column":30}},"3":{"start":{"line":29,"column":23},"end":{"line":29,"column":33}},"4":{"start":{"line":31,"column":18},"end":{"line":31,"column":30}},"5":{"start":{"line":33,"column":23},"end":{"line":71,"column":3}},"6":{"start":{"line":35,"column":6},"end":{"line":68,"column":7}},"7":{"start":{"line":36,"column":8},"end":{"line":36,"column":39}},"8":{"start":{"line":37,"column":23},"end":{"line":42,"column":10}},"9":{"start":{"line":44,"column":8},"end":{"line":46,"column":11}},"10":{"start":{"line":48,"column":8},"end":{"line":51,"column":11}},"11":{"start":{"line":53,"column":8},"end":{"line":53,"column":35}},"12":{"start":{"line":55,"column":8},"end":{"line":61,"column":9}},"13":{"start":{"line":56,"column":25},"end":{"line":56,"column":49}},"14":{"start":{"line":58,"column":10},"end":{"line":58,"column":45}},"15":{"start":{"line":60,"column":10},"end":{"line":60,"column":17}},"16":{"start":{"line":63,"column":8},"end":{"line":67,"column":11}},"17":{"start":{"line":73,"column":2},"end":{"line":103,"column":4}}},"fnMap":{"0":{"name":"(anonymous_0)","decl":{"start":{"line":25,"column":25},"end":{"line":25,"column":26}},"loc":{"start":{"line":25,"column":31},"end":{"line":104,"column":1}},"line":25},"1":{"name":"(anonymous_1)","decl":{"start":{"line":34,"column":4},"end":{"line":34,"column":5}},"loc":{"start":{"line":34,"column":36},"end":{"line":69,"column":5}},"line":34}},"branchMap":{"0":{"loc":{"start":{"line":55,"column":8},"end":{"line":61,"column":9}},"type":"if","locations":[{"start":{"line":55,"column":8},"end":{"line":61,"column":9}},{"start":{"line":55,"column":8},"end":{"line":61,"column":9}}],"line":55}},"s":{"0":1,"1":2,"2":2,"3":2,"4":2,"5":2,"6":0,"7":0,"8":0,"9":0,"10":0,"11":0,"12":0,"13":0,"14":0,"15":0,"16":0,"17":2},"f":{"0":2,"1":0},"b":{"0":[0,0]},"_coverageSchema":"43e27e138ebf9cfc5966b082cf9a028302ed4184","hash":"97b8a0973f09833c1c94e22ef266774a9d800b5e"}
,"/home/ferraro/academicos/gostack-13/2020/aulas/06-gobarber-app/src/pages/SignUp/index.tsx": {"path":"/home/ferraro/academicos/gostack-13/2020/aulas/06-gobarber-app/src/pages/SignUp/index.tsx","statementMap":{"0":{"start":{"line":27,"column":25},"end":{"line":106,"column":1}},"1":{"start":{"line":28,"column":18},"end":{"line":28,"column":43}},"2":{"start":{"line":29,"column":23},"end":{"line":29,"column":33}},"3":{"start":{"line":30,"column":18},"end":{"line":30,"column":30}},"4":{"start":{"line":32,"column":23},"end":{"line":74,"column":3}},"5":{"start":{"line":34,"column":6},"end":{"line":71,"column":7}},"6":{"start":{"line":35,"column":8},"end":{"line":35,"column":39}},"7":{"start":{"line":36,"column":23},"end":{"line":42,"column":10}},"8":{"start":{"line":44,"column":8},"end":{"line":46,"column":11}},"9":{"start":{"line":48,"column":8},"end":{"line":48,"column":39}},"10":{"start":{"line":50,"column":8},"end":{"line":50,"column":26}},"11":{"start":{"line":52,"column":8},"end":{"line":56,"column":11}},"12":{"start":{"line":58,"column":8},"end":{"line":64,"column":9}},"13":{"start":{"line":59,"column":25},"end":{"line":59,"column":49}},"14":{"start":{"line":61,"column":10},"end":{"line":61,"column":45}},"15":{"start":{"line":63,"column":10},"end":{"line":63,"column":17}},"16":{"start":{"line":66,"column":8},"end":{"line":70,"column":11}},"17":{"start":{"line":76,"column":2},"end":{"line":105,"column":4}}},"fnMap":{"0":{"name":"(anonymous_0)","decl":{"start":{"line":27,"column":25},"end":{"line":27,"column":26}},"loc":{"start":{"line":27,"column":31},"end":{"line":106,"column":1}},"line":27},"1":{"name":"(anonymous_1)","decl":{"start":{"line":33,"column":4},"end":{"line":33,"column":5}},"loc":{"start":{"line":33,"column":36},"end":{"line":72,"column":5}},"line":33}},"branchMap":{"0":{"loc":{"start":{"line":58,"column":8},"end":{"line":64,"column":9}},"type":"if","locations":[{"start":{"line":58,"column":8},"end":{"line":64,"column":9}},{"start":{"line":58,"column":8},"end":{"line":64,"column":9}}],"line":58}},"s":{"0":0,"1":0,"2":0,"3":0,"4":0,"5":0,"6":0,"7":0,"8":0,"9":0,"10":0,"11":0,"12":0,"13":0,"14":0,"15":0,"16":0,"17":0},"f":{"0":0,"1":0},"b":{"0":[0,0]},"hash":"2a6da1253e794de6135867e266449fb1bea34cfc"}
}
