TN:
SF:/home/ferraro/academicos/gostack-13/2020/aulas/06-gobarber-app/src/components/Button/index.tsx
FN:9,(anonymous_0)
FNF:1
FNH:0
FNDA:0,(anonymous_0)
DA:9,1
DA:10,0
LF:2
LH:1
BRDA:11,0,0,0
BRDA:11,0,1,0
BRF:2
BRH:0
end_of_record
TN:
SF:/home/ferraro/academicos/gostack-13/2020/aulas/06-gobarber-app/src/components/Input/index.tsx
FN:20,(anonymous_0)
FN:32,(anonymous_1)
FN:36,(anonymous_2)
FN:42,(anonymous_3)
FNF:4
FNH:0
FNDA:0,(anonymous_0)
FNDA:0,(anonymous_1)
FNDA:0,(anonymous_2)
FNDA:0,(anonymous_3)
DA:20,1
DA:26,0
DA:27,0
DA:28,0
DA:30,0
DA:32,0
DA:33,0
DA:36,0
DA:37,0
DA:39,0
DA:42,0
DA:43,0
DA:50,0
LF:13
LH:1
BRDA:22,0,0,0
BRDA:57,1,0,0
BRDA:57,1,1,0
BRDA:66,2,0,0
BRDA:66,2,1,0
BRF:5
BRH:0
end_of_record
TN:
SF:/home/ferraro/academicos/gostack-13/2020/aulas/06-gobarber-app/src/components/ToastContainer/index.tsx
FN:13,(anonymous_0)
FN:16,(anonymous_1)
FN:25,(anonymous_2)
FNF:3
FNH:0
FNDA:0,(anonymous_0)
FNDA:0,(anonymous_1)
FNDA:0,(anonymous_2)
DA:13,1
DA:14,0
DA:16,0
DA:23,0
DA:26,0
LF:5
LH:1
BRF:0
BRH:0
end_of_record
TN:
SF:/home/ferraro/academicos/gostack-13/2020/aulas/06-gobarber-app/src/components/ToastContainer/Toast/index.tsx
FN:25,(anonymous_0)
FN:28,(anonymous_1)
FN:29,(anonymous_2)
FN:33,(anonymous_3)
FN:51,(anonymous_4)
FNF:5
FNH:0
FNDA:0,(anonymous_0)
FNDA:0,(anonymous_1)
FNDA:0,(anonymous_2)
FNDA:0,(anonymous_3)
FNDA:0,(anonymous_4)
DA:19,1
DA:25,1
DA:26,0
DA:28,0
DA:29,0
DA:30,0
DA:33,0
DA:34,0
DA:38,0
DA:51,0
LF:10
LH:2
BRDA:44,0,0,0
BRDA:44,0,1,0
BRDA:48,1,0,0
BRDA:48,1,1,0
BRF:4
BRH:0
end_of_record
TN:
SF:/home/ferraro/academicos/gostack-13/2020/aulas/06-gobarber-app/src/components/Tooltip/index.tsx
FN:10,(anonymous_0)
FNF:1
FNH:0
FNDA:0,(anonymous_0)
DA:10,1
DA:11,0
LF:2
LH:1
BRF:0
BRH:0
end_of_record
TN:
SF:/home/ferraro/academicos/gostack-13/2020/aulas/06-gobarber-app/src/hooks/auth.tsx
FN:30,(anonymous_0)
FN:31,(anonymous_1)
FN:44,(anonymous_2)
FN:60,(anonymous_3)
FN:68,(anonymous_4)
FN:88,useAuth
FNF:6
FNH:1
FNDA:0,(anonymous_0)
FNDA:0,(anonymous_1)
FNDA:0,(anonymous_2)
FNDA:0,(anonymous_3)
FNDA:0,(anonymous_4)
FNDA:2,useAuth
DA:28,1
DA:30,1
DA:31,0
DA:32,0
DA:33,0
DA:35,0
DA:36,0
DA:38,0
DA:41,0
DA:44,0
DA:45,0
DA:50,0
DA:52,0
DA:53,0
DA:55,0
DA:57,0
DA:60,0
DA:61,0
DA:62,0
DA:64,0
DA:67,0
DA:69,0
DA:71,0
DA:79,0
DA:89,2
DA:91,2
DA:92,0
DA:95,2
LF:28
LH:5
BRDA:35,0,0,0
BRDA:35,0,1,0
BRDA:35,1,0,0
BRDA:35,1,1,0
BRDA:91,2,0,0
BRDA:91,2,1,2
BRF:6
BRH:1
end_of_record
TN:
SF:/home/ferraro/academicos/gostack-13/2020/aulas/06-gobarber-app/src/hooks/toast.tsx
FN:20,(anonymous_0)
FN:24,(anonymous_1)
FN:34,(anonymous_2)
FN:38,(anonymous_3)
FN:39,(anonymous_4)
FN:39,(anonymous_5)
FN:50,useToast
FNF:7
FNH:1
FNDA:0,(anonymous_0)
FNDA:0,(anonymous_1)
FNDA:0,(anonymous_2)
FNDA:0,(anonymous_3)
FNDA:0,(anonymous_4)
FNDA:0,(anonymous_5)
FNDA:2,useToast
DA:18,1
DA:20,1
DA:21,0
DA:23,0
DA:25,0
DA:27,0
DA:34,0
DA:38,0
DA:39,0
DA:42,0
DA:51,2
DA:53,2
DA:54,0
DA:57,2
LF:14
LH:5
BRDA:53,0,0,0
BRDA:53,0,1,2
BRF:2
BRH:1
end_of_record
TN:
SF:/home/ferraro/academicos/gostack-13/2020/aulas/06-gobarber-app/src/pages/Dashboard/index.tsx
FN:41,(anonymous_0)
FN:52,(anonymous_1)
FN:58,(anonymous_2)
FN:62,(anonymous_3)
FN:70,(anonymous_4)
FN:75,(anonymous_5)
FN:84,(anonymous_6)
FN:85,(anonymous_7)
FN:96,(anonymous_8)
FN:98,(anonymous_9)
FN:99,(anonymous_10)
FN:109,(anonymous_11)
FN:115,(anonymous_12)
FN:119,(anonymous_13)
FN:120,(anonymous_14)
FN:125,(anonymous_15)
FN:126,(anonymous_16)
FN:131,(anonymous_17)
FN:132,(anonymous_18)
FN:193,(anonymous_19)
FN:219,(anonymous_20)
FNF:21
FNH:0
FNDA:0,(anonymous_0)
FNDA:0,(anonymous_1)
FNDA:0,(anonymous_2)
FNDA:0,(anonymous_3)
FNDA:0,(anonymous_4)
FNDA:0,(anonymous_5)
FNDA:0,(anonymous_6)
FNDA:0,(anonymous_7)
FNDA:0,(anonymous_8)
FNDA:0,(anonymous_9)
FNDA:0,(anonymous_10)
FNDA:0,(anonymous_11)
FNDA:0,(anonymous_12)
FNDA:0,(anonymous_13)
FNDA:0,(anonymous_14)
FNDA:0,(anonymous_15)
FNDA:0,(anonymous_16)
FNDA:0,(anonymous_17)
FNDA:0,(anonymous_18)
FNDA:0,(anonymous_19)
FNDA:0,(anonymous_20)
DA:41,0
DA:42,0
DA:43,0
DA:44,0
DA:46,0
DA:50,0
DA:52,0
DA:53,0
DA:54,0
DA:58,0
DA:59,0
DA:62,0
DA:63,0
DA:71,0
DA:75,0
DA:76,0
DA:85,0
DA:86,0
DA:92,0
DA:96,0
DA:97,0
DA:98,0
DA:100,0
DA:101,0
DA:103,0
DA:106,0
DA:109,0
DA:110,0
DA:115,0
DA:116,0
DA:119,0
DA:120,0
DA:121,0
DA:125,0
DA:126,0
DA:127,0
DA:131,0
DA:132,0
DA:133,0
DA:137,0
DA:194,0
DA:220,0
LF:42
LH:0
BRDA:53,0,0,0
BRDA:53,0,1,0
BRDA:163,1,0,0
BRDA:163,1,1,0
BRDA:168,2,0,0
BRDA:168,2,1,0
BRDA:168,2,2,0
BRDA:189,3,0,0
BRDA:189,3,1,0
BRDA:215,4,0,0
BRDA:215,4,1,0
BRF:11
BRH:0
end_of_record
TN:
SF:/home/ferraro/academicos/gostack-13/2020/aulas/06-gobarber-app/src/pages/ForgotPassword/index.tsx
FN:24,(anonymous_0)
FN:31,(anonymous_1)
FNF:2
FNH:0
FNDA:0,(anonymous_0)
FNDA:0,(anonymous_1)
DA:24,0
DA:25,0
DA:26,0
DA:28,0
DA:30,0
DA:32,0
DA:33,0
DA:35,0
DA:36,0
DA:42,0
DA:48,0
DA:52,0
DA:61,0
DA:62,0
DA:64,0
DA:66,0
DA:69,0
DA:76,0
DA:82,0
LF:19
LH:0
BRDA:61,0,0,0
BRDA:61,0,1,0
BRF:2
BRH:0
end_of_record
TN:
SF:/home/ferraro/academicos/gostack-13/2020/aulas/06-gobarber-app/src/pages/Profile/index.tsx
FN:28,(anonymous_0)
FN:36,(anonymous_1)
FN:46,(anonymous_2)
FN:52,(anonymous_3)
FN:116,(anonymous_4)
FN:122,(anonymous_5)
FNF:6
FNH:0
FNDA:0,(anonymous_0)
FNDA:0,(anonymous_1)
FNDA:0,(anonymous_2)
FNDA:0,(anonymous_3)
FNDA:0,(anonymous_4)
FNDA:0,(anonymous_5)
DA:28,0
DA:29,0
DA:30,0
DA:31,0
DA:33,0
DA:35,0
DA:37,0
DA:38,0
DA:39,0
DA:46,0
DA:52,0
DA:59,0
DA:69,0
DA:71,0
DA:83,0
DA:85,0
DA:87,0
DA:89,0
DA:96,0
DA:97,0
DA:99,0
DA:101,0
DA:104,0
DA:115,0
DA:117,0
DA:118,0
DA:120,0
DA:122,0
DA:123,0
DA:125,0
DA:135,0
LF:31
LH:0
BRDA:74,0,0,0
BRDA:74,0,1,0
BRDA:96,1,0,0
BRDA:96,1,1,0
BRDA:117,2,0,0
BRDA:117,2,1,0
BRF:6
BRH:0
end_of_record
TN:
SF:/home/ferraro/academicos/gostack-13/2020/aulas/06-gobarber-app/src/pages/ResetPassword/index.tsx
FN:25,(anonymous_0)
FN:34,(anonymous_1)
FNF:2
FNH:0
FNDA:0,(anonymous_0)
FNDA:0,(anonymous_1)
DA:25,0
DA:26,0
DA:28,0
DA:30,0
DA:31,0
DA:33,0
DA:35,0
DA:36,0
DA:37,0
DA:45,0
DA:49,0
DA:50,0
DA:52,0
DA:53,0
DA:56,0
DA:62,0
DA:64,0
DA:65,0
DA:67,0
DA:69,0
DA:72,0
DA:82,0
LF:22
LH:0
BRDA:52,0,0,0
BRDA:52,0,1,0
BRDA:64,1,0,0
BRDA:64,1,1,0
BRF:4
BRH:0
end_of_record
TN:
SF:/home/ferraro/academicos/gostack-13/2020/aulas/06-gobarber-app/src/pages/SignIn/index.tsx
FN:25,(anonymous_0)
FN:34,(anonymous_1)
FNF:2
FNH:1
FNDA:2,(anonymous_0)
FNDA:0,(anonymous_1)
DA:25,1
DA:26,2
DA:28,2
DA:29,2
DA:31,2
DA:33,2
DA:35,0
DA:36,0
DA:37,0
DA:44,0
DA:48,0
DA:53,0
DA:55,0
DA:56,0
DA:58,0
DA:60,0
DA:63,0
DA:73,2
LF:18
LH:7
BRDA:55,0,0,0
BRDA:55,0,1,0
BRF:2
BRH:0
end_of_record
TN:
SF:/home/ferraro/academicos/gostack-13/2020/aulas/06-gobarber-app/src/pages/SignUp/index.tsx
FN:27,(anonymous_0)
FN:33,(anonymous_1)
FNF:2
FNH:0
FNDA:0,(anonymous_0)
FNDA:0,(anonymous_1)
DA:27,0
DA:28,0
DA:29,0
DA:30,0
DA:32,0
DA:34,0
DA:35,0
DA:36,0
DA:44,0
DA:48,0
DA:50,0
DA:52,0
DA:58,0
DA:59,0
DA:61,0
DA:63,0
DA:66,0
DA:76,0
LF:18
LH:0
BRDA:58,0,0,0
BRDA:58,0,1,0
BRF:2
BRH:0
end_of_record
